==== 8 1 2 4 ====
MatrixGroup<3, RationalField() |
    Matrix(RationalField(), 3, 3, [ 0, 0, -2, 0, -1, 0, -1/2, 0, 0 ]) >
-------------------------
Angles in lattice with tau = z^3 - z^2 + z + 1
[
    {
        Tau,
        1,
        Tau - 1,
        Tau - 2
    }
]
[
    { 1, 2, 3, 4, 5, 6, 7 }
]
-------------------------
Angles in lattice with tau = z + 1
[
    {
        Tau,
        Tau - 1,
        1,
        Tau - 2
    }
]
[
    { 1, 2, 3, 4, 5, 6, 7 }
]
==== 10 1 2 3 ====
MatrixGroup<3, RationalField() |
    Matrix(RationalField(), 3, 3, [ -4/5, -4/5, -1/5, -2/5, 3/5, 2/5, -1/5, 4/5,
    -4/5 ]) >
MatrixGroup<3, RationalField() |
    ScalarMatrix(RationalField(), 3, -1) >
MatrixGroup<3, RationalField() |
    Matrix(RationalField(), 3, 3, [ -4/5, -4/5, -1/5, -2/5, 3/5, 2/5, -1/5, 4/5,
    -4/5 ]) >
MatrixGroup<3, RationalField() |
    ScalarMatrix(RationalField(), 3, -1) >
-------------------------
Angles in lattice with tau = 1/2*(z^3 - 2*z^2 + 2*z)
[
    {
        Tau - 5/8,
        Tau - 2,
        Tau - 1/6
    },
    {
        Tau,
        1,
        Tau - 1/2
    }
]
[
    { 1, 2, 3, 7, 8, 9 },
    { 1, 2, 3, 7, 8, 9 }
]
-------------------------
Angles in lattice with tau = 1/2*(-z^3 + 2*z^2 + 2*z + 4)
[
    {
        Tau - 5/8,
        Tau - 15/2,
        Tau - 2
    },
    {
        Tau,
        1,
        Tau - 5/2
    }
]
[
    { 1, 2, 3, 7, 8, 9 },
    { 1, 2, 3, 7, 8, 9 }
]
==== 10 1 2 4 ====
MatrixGroup<3, RationalField() |
    Matrix(RationalField(), 3, 3, [ -1/5, -8/5, -16/5, -1/5, -3/5, 4/5, -1/5, 
    2/5, -1/5 ]) >
-------------------------
Angles in lattice with tau = 1/3*(z^3 - 2*z^2 + 3*z + 1)
[
    {
        Tau - 5/3,
        Tau,
        1,
        Tau - 5/6
    }
]
[
    { 1, 2, 4, 5, 6, 8, 9 }
]
-------------------------
Angles in lattice with tau = z + 1
[
    {
        Tau,
        Tau - 1,
        1,
        Tau - 2
    }
]
[
    { 1, 2, 4, 5, 6, 8, 9 }
]
==== 10 1 2 5 ====
MatrixGroup<3, RationalField() |
    Matrix(RationalField(), 3, 3, [ -1/5, -8/5, -16/5, -1/5, -3/5, 4/5, -1/5, 
    2/5, -1/5 ]) >
MatrixGroup<3, RationalField() |
    ScalarMatrix(RationalField(), 3, -1) >
MatrixGroup<3, RationalField() |
    Matrix(RationalField(), 3, 3, [ -1/5, -8/5, -16/5, -1/5, -3/5, 4/5, -1/5, 
    2/5, -1/5 ]) >
MatrixGroup<3, RationalField() |
    ScalarMatrix(RationalField(), 3, -1) >
-------------------------
Angles in lattice with tau = 1/3*(z^3 - 2*z^2 + 3*z + 1)
[
    {
        Tau - 5/3,
        Tau,
        1,
        Tau - 5/6
    }
]
[
    { 1, 2, 4, 5, 6, 8, 9 }
]
-------------------------
Angles in lattice with tau = z + 1
[
    {
        Tau,
        Tau - 1,
        1,
        Tau - 2
    }
]
[
    { 1, 2, 4, 5, 6, 8, 9 }
]
==== 10 1 3 4 ====
MatrixGroup<3, RationalField() |
    Matrix(RationalField(), 3, 3, [ -4/5, -4/5, -1/5, -2/5, 3/5, 2/5, -1/5, 4/5,
    -4/5 ]) >
MatrixGroup<3, RationalField() |
    ScalarMatrix(RationalField(), 3, -1) >
MatrixGroup<3, RationalField() |
    Matrix(RationalField(), 3, 3, [ -4/5, -4/5, -1/5, -2/5, 3/5, 2/5, -1/5, 4/5,
    -4/5 ]) >
MatrixGroup<3, RationalField() |
    ScalarMatrix(RationalField(), 3, -1) >
-------------------------
Angles in lattice with tau = z^3 - 2*z^2 + z - 1
[
    {
        Tau + 5,
        Tau - 1/2,
        Tau + 4/3
    },
    {
        Tau,
        1,
        Tau + 1
    }
]
[
    { 1, 3, 4, 6, 7, 9 },
    { 1, 3, 4, 6, 7, 9 }
]
-------------------------
Angles in lattice with tau = 2*z^3 - 4*z^2 + z - 3
[
    {
        Tau - 10,
        Tau + 1,
        Tau + 15/4
    },
    {
        Tau,
        1,
        Tau + 5
    }
]
[
    { 1, 3, 4, 6, 7, 9 },
    { 1, 3, 4, 6, 7, 9 }
]
==== 10 1 3 5 ====
MatrixGroup<3, RationalField() |
    Matrix(RationalField(), 3, 3, [ -4/5, -4/5, -1/5, -2/5, 3/5, 2/5, -1/5, 4/5,
    -4/5 ]) >
MatrixGroup<3, RationalField() |
    ScalarMatrix(RationalField(), 3, -1) >
MatrixGroup<3, RationalField() |
    Matrix(RationalField(), 3, 3, [ -4/5, -4/5, -1/5, -2/5, 3/5, 2/5, -1/5, 4/5,
    -4/5 ]) >
MatrixGroup<3, RationalField() |
    ScalarMatrix(RationalField(), 3, -1) >
==== 10 1 4 5 ====
MatrixGroup<3, RationalField() |
    Matrix(RationalField(), 3, 3, [ -1/5, -8/5, -16/5, -1/5, -3/5, 4/5, -1/5, 
    2/5, -1/5 ]) >
MatrixGroup<3, RationalField() |
    ScalarMatrix(RationalField(), 3, -1) >
MatrixGroup<3, RationalField() |
    Matrix(RationalField(), 3, 3, [ -1/5, -8/5, -16/5, -1/5, -3/5, 4/5, -1/5, 
    2/5, -1/5 ]) >
MatrixGroup<3, RationalField() |
    ScalarMatrix(RationalField(), 3, -1) >
-------------------------
Angles in lattice with tau = 1/3*(z^3 - 2*z^2 + 3*z + 1)
[
    {
        Tau - 5/3,
        Tau,
        1,
        Tau - 5/6
    }
]
[
    { 1, 2, 4, 5, 6, 8, 9 }
]
-------------------------
Angles in lattice with tau = z + 1
[
    {
        Tau,
        Tau - 1,
        1,
        Tau - 2
    }
]
[
    { 1, 2, 4, 5, 6, 8, 9 }
]
==== 10 2 4 5 ====
MatrixGroup<3, RationalField() |
    Matrix(RationalField(), 3, 3, [ 0, 0, -1, 0, -1, 0, -1, 0, 0 ]) >
MatrixGroup<3, RationalField() |
    ScalarMatrix(RationalField(), 3, -1) >
MatrixGroup<3, RationalField() |
    Matrix(RationalField(), 3, 3, [ 0, 0, -1, 0, -1, 0, -1, 0, 0 ]) >
MatrixGroup<3, RationalField() |
    ScalarMatrix(RationalField(), 3, -1) >
-------------------------
Angles in lattice with tau = -z^2 + z - 1
[
    {
        Tau,
        Tau + 1/2,
        1,
        Tau + 1
    }
]
[
    { 2, 3, 4, 5, 6, 7, 8 }
]
-------------------------
Angles in lattice with tau = z
[
    {
        Tau,
        1,
        Tau - 1,
        Tau + 1
    }
]
[
    { 1, 2, 4, 5, 6, 8, 9 }
]
==== 12 1 2 3 ====
MatrixGroup<3, RationalField() |
    Matrix(RationalField(), 3, 3, [ 0, 0, -1, 0, -1, 0, -1, 0, 0 ]) >
MatrixGroup<3, RationalField() |
    ScalarMatrix(RationalField(), 3, -1) >
MatrixGroup<3, RationalField() |
    Matrix(RationalField(), 3, 3, [ 0, 0, -1, 0, -1, 0, -1, 0, 0 ]) >
MatrixGroup<3, RationalField() |
    ScalarMatrix(RationalField(), 3, -1) >
==== 12 1 2 4 ====
==== 12 1 2 6 ====
MatrixGroup<3, RationalField() |
    Matrix(RationalField(), 3, 3, [ 0, 0, 1, 0, -1, 0, 1, 0, 0 ]) >
-------------------------
Angles in lattice with tau = z^3 - z^2 + 1
[
    {
        Tau,
        Tau - 1,
        1,
        Tau - 1/2
    }
]
[
    { 1, 2, 5, 6, 7, 10, 11 }
]
-------------------------
Angles in lattice with tau = z + 1
[
    {
        Tau,
        Tau - 1,
        1,
        Tau - 2
    }
]
[
    { 1, 2, 5, 6, 7, 10, 11 }
]
==== 12 1 3 4 ====
MatrixGroup<3, RationalField() |
    Matrix(RationalField(), 3, 3, [ 0, 0, -1, 0, -1, 0, -1, 0, 0 ]) >
MatrixGroup<3, RationalField() |
    ScalarMatrix(RationalField(), 3, -1) >
MatrixGroup<3, RationalField() |
    Matrix(RationalField(), 3, 3, [ 0, 0, -1, 0, -1, 0, -1, 0, 0 ]) >
MatrixGroup<3, RationalField() |
    ScalarMatrix(RationalField(), 3, -1) >
-------------------------
Angles in lattice with tau = 1/2*(z^3 - z^2 + z + 2)
[
    {
        Tau - 3/2,
        Tau,
        Tau - 1,
        1
    }
]
[
    { 1, 3, 4, 5, 7, 8, 9, 11 }
]
==== 12 1 3 6 ====
==== 12 1 4 6 ====
==== 12 3 2 4 ====

Total time: 6.309 seconds, Total memory usage: 229.16MB
