n = 8, angleTau = 1
=================================
Lattice with tau in Q(zeta_n), n = 8
Tau = (z + 1)*t - z^3 + z^2
Squared angle between 1 and tau: zeta_n ^ 1
Conditions for the existence of angles with squared amplitude zeta_n ^ 2
Let u be such that u^2 = lambda^4 + lambda^3*mu + lambda^2*mu^2 + lambda*mu^3
Factorisation: [
    <lambda, 1>,
    <lambda + mu, 1>,
    <lambda^2 + mu^2, 1>
]
The values of (a,b) that give an angle with squared amplitude zeta_n ^ 2 are
a
lambda^2 - mu^2 \mp u
mu
b
-2*lambda*mu \pm u
lambda
Chosen rational point: (lambda : mu : u) =  [ 0, 1, 0 ]
Elliptic Curve defined by y^2 = x^3 + x^2 + x + 1 over Rational Field
Mordell-Weil group 
Abelian Group isomorphic to Z/2 + Z
Defined on 2 generators
Relations:
    2*G.1 = 0
Generator 1 with order 2 : (-1 : 0 : 1)
Generator 2 with order 0 : (0 : -1 : 1)
=================================
Lattice with tau in Q(zeta_n), n = 8
Tau = (z + 1)*t - z^3 + z^2
Squared angle between 1 and tau: zeta_n ^ 1
Conditions for the existence of angles with squared amplitude zeta_n ^ 4
Let u be such that u^2 = 3*lambda^4 + 2*lambda^3*mu + 4*lambda^2*mu^2 + 
    2*lambda*mu^3 + mu^4
Factorisation: [
    <lambda^2 + mu^2, 1>,
    <lambda^2 + 2/3*lambda*mu + 1/3*mu^2, 1>
]
The values of (a,b) that give an angle with squared amplitude zeta_n ^ 4 are
a
lambda^2 - 2*lambda*mu - mu^2 \mp u
lambda + mu
b
lambda^2 - 2*lambda*mu - mu^2 \pm u
lambda + mu
Chosen rational point: (lambda : mu : u) =  [ 0, 1, -1 ]
Elliptic Curve defined by y^2 = x^3 + x^2 - 13*x - 21 over Rational Field
Mordell-Weil group 
Abelian Group isomorphic to Z/2 + Z
Defined on 2 generators
Relations:
    2*G.1 = 0
Generator 1 with order 2 : (-3 : 0 : 1)
Generator 2 with order 0 : (-2 : 1 : 1)
n = 10, angleTau = 1
=================================
Lattice with tau in Q(zeta_n), n = 10
Tau = (z + 1)*t + z^3 - 2*z^2 - 2
Squared angle between 1 and tau: zeta_n ^ 1
Conditions for the existence of angles with squared amplitude zeta_n ^ 2
Let u be such that u^2 = 33*lambda^4 - 38*lambda^3*mu + 21*lambda^2*mu^2 - 
    4*lambda*mu^3
Factorisation: [
    <lambda, 1>,
    <lambda - 1/3*mu, 1>,
    <lambda^2 - 9/11*lambda*mu + 4/11*mu^2, 1>
]
The values of (a,b) that give an angle with squared amplitude zeta_n ^ 2 are
a
-3*lambda^2 + 7*lambda*mu - 2*mu^2 \mp u
-4*lambda + 2*mu
b
5*lambda^2 - 5*lambda*mu \mp u
2*lambda
Chosen rational point: (lambda : mu : u) =  [ 0, 1, 0 ]
Elliptic Curve defined by y^2 + x*y + y = x^3 - x^2 + 2 over Rational Field
Mordell-Weil group 
Abelian Group isomorphic to Z/2 + Z
Defined on 2 generators
Relations:
    2*G.1 = 0
Generator 1 with order 2 : (-1 : 0 : 1)
Generator 2 with order 0 : (0 : -2 : 1)
=================================
Lattice with tau in Q(zeta_n), n = 10
Tau = (z + 1)*t + z^3 - 2*z^2 - 2
Squared angle between 1 and tau: zeta_n ^ 1
Conditions for the existence of angles with squared amplitude zeta_n ^ 3
Let u be such that u^2 = 41*lambda^4 - 38*lambda^3*mu + 9*lambda^2*mu^2 + 
    8*lambda*mu^3 - 4*mu^4
Factorisation: [
    <lambda^4 - 38/41*lambda^3*mu + 9/41*lambda^2*mu^2 + 8/41*lambda*mu^3 - 
        4/41*mu^4, 1>
]
The values of (a,b) that give an angle with squared amplitude zeta_n ^ 3 are
a
lambda^2 + 11*lambda*mu - 6*mu^2 \mp u
-2*lambda + 4*mu
b
9*lambda^2 - lambda*mu - 4*mu^2 \mp u
4*lambda + 2*mu
Chosen rational point: (lambda : mu : u) =  [ 1, 1, -4 ]
Elliptic Curve defined by y^2 + x*y + y = x^3 - x^2 + 20*x + 22 over Rational 
Field
Mordell-Weil group 
Abelian Group isomorphic to Z/4 + Z
Defined on 2 generators
Relations:
    4*G.1 = 0
Generator 1 with order 4 : (4 : 10 : 1)
Generator 2 with order 0 : (8 : -30 : 1)
=================================
Lattice with tau in Q(zeta_n), n = 10
Tau = (z + 1)*t + z^3 - 2*z^2 - 2
Squared angle between 1 and tau: zeta_n ^ 1
Conditions for the existence of angles with squared amplitude zeta_n ^ 4
Let u be such that u^2 = 28*lambda^4 - 40*lambda^3*mu + 28*lambda^2*mu^2 - 
    8*lambda*mu^3 + mu^4
Factorisation: [
    <lambda^2 - lambda*mu + 1/2*mu^2, 1>,
    <lambda^2 - 3/7*lambda*mu + 1/14*mu^2, 1>
]
The values of (a,b) that give an angle with squared amplitude zeta_n ^ 4 are
a
6*lambda^2 - 4*lambda*mu - mu^2 \mp u
4*lambda
b
-2*lambda^2 + 8*lambda*mu - 3*mu^2 \mp u
-2*lambda + 2*mu
Chosen rational point: (lambda : mu : u) =  [ 0, 1, -1 ]
Elliptic Curve defined by y^2 = x^3 + x^2 - 3*x - 2 over Rational Field
Mordell-Weil group 
Abelian Group isomorphic to Z/2 + Z
Defined on 2 generators
Relations:
    2*G.1 = 0
Generator 1 with order 2 : (-2 : 0 : 1)
Generator 2 with order 0 : (-1 : 1 : 1)
=================================
Lattice with tau in Q(zeta_n), n = 10
Tau = (z + 1)*t + z^3 - 2*z^2 - 2
Squared angle between 1 and tau: zeta_n ^ 1
Conditions for the existence of angles with squared amplitude zeta_n ^ 5
Let u be such that u^2 = 31*lambda^4 - 38*lambda^3*mu + 24*lambda^2*mu^2 - 
    7*lambda*mu^3 + mu^4
Factorisation: [
    <lambda^4 - 38/31*lambda^3*mu + 24/31*lambda^2*mu^2 - 7/31*lambda*mu^3 + 
        1/31*mu^4, 1>
]
The values of (a,b) that give an angle with squared amplitude zeta_n ^ 5 are
a
-4*lambda^2 + 6*lambda*mu - mu^2 \mp u
-3*lambda + mu
b
-4*lambda^2 + 6*lambda*mu - mu^2 \pm u
-3*lambda + mu
Chosen rational point: (lambda : mu : u) =  [ 0, 1, -1 ]
Elliptic Curve defined by y^2 = x^3 - 50*x - 125 over Rational Field
Mordell-Weil group 
Abelian Group isomorphic to Z/2 + Z
Defined on 2 generators
Relations:
    2*G.1 = 0
Generator 1 with order 2 : (-5 : 0 : 1)
Generator 2 with order 0 : (15 : -50 : 1)
n = 10, angleTau = 2
=================================
Lattice with tau in Q(zeta_n), n = 10
Tau = z*t + z^2 + 1
Squared angle between 1 and tau: zeta_n ^ 2
Conditions for the existence of angles with squared amplitude zeta_n ^ 4
Let u be such that u^2 = 4*lambda^3*mu + 5*lambda^2*mu^2 + 2*lambda*mu^3 + mu^4
Factorisation: [
    <mu, 1>,
    <lambda + mu, 1>,
    <lambda^2 + 1/4*lambda*mu + 1/4*mu^2, 1>
]
The values of (a,b) that give an angle with squared amplitude zeta_n ^ 4 are
a
-2*lambda^2 - lambda*mu + mu^2 \mp u
2*lambda
b
-3*lambda*mu - mu^2 \pm u
2*mu
Chosen rational point: (lambda : mu : u) =  [ 0, 1, -1 ]
Elliptic Curve defined by y^2 + x*y + y = x^3 + x^2 over Rational Field
Mordell-Weil group 
Abelian Group isomorphic to Z/4
Defined on 1 generator
Relations:
    4*G.1 = 0
Generator 1 with order 4 : (0 : 0 : 1)
=================================
Lattice with tau in Q(zeta_n), n = 10
Tau = z*t + z^2 + 1
Squared angle between 1 and tau: zeta_n ^ 2
Conditions for the existence of angles with squared amplitude zeta_n ^ 5
Let u be such that u^2 = lambda^4 + 3*lambda^3*mu + 4*lambda^2*mu^2 + 
    2*lambda*mu^3 + mu^4
Factorisation: [
    <lambda^4 + 3*lambda^3*mu + 4*lambda^2*mu^2 + 2*lambda*mu^3 + mu^4, 1>
]
The values of (a,b) that give an angle with squared amplitude zeta_n ^ 5 are
a
-lambda^2 - 2*lambda*mu \mp u
lambda + mu
b
-lambda^2 - 2*lambda*mu \pm u
lambda + mu
Chosen rational point: (lambda : mu : u) =  [ 0, 1, -1 ]
Elliptic Curve defined by y^2 = x^3 + x^2 - 3*x - 2 over Rational Field
Mordell-Weil group 
Abelian Group isomorphic to Z/2 + Z
Defined on 2 generators
Relations:
    2*G.1 = 0
Generator 1 with order 2 : (-2 : 0 : 1)
Generator 2 with order 0 : (-1 : 1 : 1)
n = 12, angleTau = 1
=================================
Lattice with tau in Q(zeta_n), n = 12
Tau = (z + 1)*t - z^3 + z^2 + z
Squared angle between 1 and tau: zeta_n ^ 1
Conditions for the existence of angles with squared amplitude zeta_n ^ 2
Let u be such that u^2 = lambda^4 + 2*lambda^3*mu + 2*lambda^2*mu^2 + 
    lambda*mu^3
Factorisation: [
    <lambda, 1>,
    <lambda + mu, 1>,
    <lambda^2 + lambda*mu + mu^2, 1>
]
The values of (a,b) that give an angle with squared amplitude zeta_n ^ 2 are
a
lambda^2 - mu^2 \mp u
mu
b
-lambda^2 - 2*lambda*mu \pm u
lambda
Chosen rational point: (lambda : mu : u) =  [ 0, 1, 0 ]
Elliptic Curve defined by y^2 = x^3 - x^2 + x over Rational Field
Mordell-Weil group 
Abelian Group isomorphic to Z/4
Defined on 1 generator
Relations:
    4*G.1 = 0
Generator 1 with order 4 : (1 : 1 : 1)
=================================
Lattice with tau in Q(zeta_n), n = 12
Tau = (z + 1)*t - z^3 + z^2 + z
Squared angle between 1 and tau: zeta_n ^ 1
Conditions for the existence of angles with squared amplitude zeta_n ^ 3
Let u be such that u^2 = 4*lambda^4 + 8*lambda^3*mu + 16*lambda^2*mu^2 + 
    12*lambda*mu^3 + 5*mu^4
Factorisation: [
    <lambda^2 + lambda*mu + 1/2*mu^2, 1>,
    <lambda^2 + lambda*mu + 5/2*mu^2, 1>
]
The values of (a,b) that give an angle with squared amplitude zeta_n ^ 3 are
a
-2*lambda^2 - 6*lambda*mu - mu^2 \mp u
4*lambda + 2*mu
b
2*lambda^2 - 2*lambda*mu - 3*mu^2 \pm u
2*mu
Chosen rational point: (lambda : mu : u) =  [ 1, 0, -2 ]
Elliptic Curve defined by y^2 = x^3 + x^2 - 4*x - 4 over Rational Field
Mordell-Weil group 
Abelian Group isomorphic to Z/2 + Z/2
Defined on 2 generators
Relations:
    2*G.1 = 0
    2*G.2 = 0
Generator 1 with order 2 : (2 : 0 : 1)
Generator 2 with order 2 : (-1 : 0 : 1)
=================================
Lattice with tau in Q(zeta_n), n = 12
Tau = (z + 1)*t - z^3 + z^2 + z
Squared angle between 1 and tau: zeta_n ^ 1
Conditions for the existence of angles with squared amplitude zeta_n ^ 4
Let u be such that u^2 = 5*lambda^4 + 10*lambda^3*mu + 12*lambda^2*mu^2 + 
    7*lambda*mu^3 + 2*mu^4
Factorisation: [
    <lambda^2 + lambda*mu + mu^2, 1>,
    <lambda^2 + lambda*mu + 2/5*mu^2, 1>
]
The values of (a,b) that give an angle with squared amplitude zeta_n ^ 4 are
a
lambda^2 - 2*lambda*mu - 2*mu^2 \mp u
lambda + 2*mu
b
-lambda^2 - 4*lambda*mu - mu^2 \pm u
2*lambda + mu
Chosen rational point: (lambda : mu : u) =  [ 1, 1, -6 ]
Elliptic Curve defined by y^2 = x^3 - 18*x - 27 over Rational Field
Mordell-Weil group 
Abelian Group isomorphic to Z/2 + Z
Defined on 2 generators
Relations:
    2*G.1 = 0
Generator 1 with order 2 : (-3 : 0 : 1)
Generator 2 with order 0 : (-2 : 1 : 1)
=================================
Lattice with tau in Q(zeta_n), n = 12
Tau = (z + 1)*t - z^3 + z^2 + z
Squared angle between 1 and tau: zeta_n ^ 1
Conditions for the existence of angles with squared amplitude zeta_n ^ 6
Let u be such that u^2 = 2*lambda^4 + 4*lambda^3*mu + 5*lambda^2*mu^2 + 
    3*lambda*mu^3 + mu^4
Factorisation: [
    <lambda^2 + lambda*mu + mu^2, 1>,
    <lambda^2 + lambda*mu + 1/2*mu^2, 1>
]
The values of (a,b) that give an angle with squared amplitude zeta_n ^ 6 are
a
-2*lambda*mu - mu^2 \mp u
lambda + mu
b
-2*lambda*mu - mu^2 \pm u
lambda + mu
Chosen rational point: (lambda : mu : u) =  [ 0, 1, -1 ]
Elliptic Curve defined by y^2 = x^3 - x^2 - 4*x - 2 over Rational Field
Mordell-Weil group 
Abelian Group isomorphic to Z/2 + Z
Defined on 2 generators
Relations:
    2*G.1 = 0
Generator 1 with order 2 : (-1 : 0 : 1)
Generator 2 with order 0 : (-3/4 : 1/8 : 1)
n = 12, angleTau = 3
=================================
Lattice with tau in Q(zeta_n), n = 12
Tau = (z^3 + 1)*t + z^2 + z
Squared angle between 1 and tau: zeta_n ^ 3
Conditions for the existence of angles with squared amplitude zeta_n ^ 2
Let u be such that u^2 = lambda^4 - lambda^2*mu^2 - 2*lambda*mu^3 - mu^4
Factorisation: [
    <lambda^2 - lambda*mu - mu^2, 1>,
    <lambda^2 + lambda*mu + mu^2, 1>
]
The values of (a,b) that give an angle with squared amplitude zeta_n ^ 2 are
a
-2*lambda*mu - mu^2 \mp u
lambda + mu
b
lambda^2 - mu^2 \mp u
mu
Chosen rational point: (lambda : mu : u) =  [ 1, -1, -1 ]
Elliptic Curve defined by y^2 = x^3 - x^2 + 4*x over Rational Field
Mordell-Weil group 
Abelian Group isomorphic to Z/2 + Z
Defined on 2 generators
Relations:
    2*G.1 = 0
Generator 1 with order 2 : (0 : 0 : 1)
Generator 2 with order 0 : (1 : -2 : 1)
=================================
Lattice with tau in Q(zeta_n), n = 12
Tau = (z^3 + 1)*t + z^2 + z
Squared angle between 1 and tau: zeta_n ^ 3
Conditions for the existence of angles with squared amplitude zeta_n ^ 4
Let u be such that u^2 = 5*lambda^4 + 4*lambda^3*mu + 3*lambda^2*mu^2 - 
    2*lambda*mu^3 - mu^4
Factorisation: [
    <lambda^2 + lambda*mu + mu^2, 1>,
    <lambda^2 - 1/5*lambda*mu - 1/5*mu^2, 1>
]
The values of (a,b) that give an angle with squared amplitude zeta_n ^ 4 are
a
-lambda^2 - 4*lambda*mu - mu^2 \mp u
2*lambda + mu
b
2*lambda^2 + 2*lambda*mu - mu^2 \mp u
-lambda + mu
Chosen rational point: (lambda : mu : u) =  [ 1, 1, -3 ]
Elliptic Curve defined by y^2 = x^3 + 9*x + 54 over Rational Field
Mordell-Weil group 
Abelian Group isomorphic to Z/2 + Z
Defined on 2 generators
Relations:
    2*G.1 = 0
Generator 1 with order 2 : (-3 : 0 : 1)
Generator 2 with order 0 : (6 : 18 : 1)

Total time: 1.990 seconds, Total memory usage: 85.16MB
